06.03.2024 2:17:27 - Принят online Spr_Users
06.03.2024 2:17:27 - Принят online User_Access
06.03.2024 2:17:27 - Принят online Spr_Market
06.03.2024 2:17:28 - Принят online Clients
06.03.2024 2:17:28 - Принят online Spr_Acount
06.03.2024 2:17:28 - Принят online Spr_Group
06.03.2024 2:17:28 - Принят online Spr_Vendors
06.03.2024 2:17:29 - Принят online Spr_Buyers
06.03.2024 2:17:29 - Принят online Spr_Units
06.03.2024 2:17:48 - Принят online Spr_Tovar
06.03.2024 2:17:56 - Принят online Prices
06.03.2024 2:18:00 - Принят online Cst_Prices
06.03.2024 2:18:03 - Принят online Spr_Charge
06.03.2024 2:18:13 - Принят online Spr_Norm_Ost
06.03.2024 2:18:14 - Принят online Hdr_Prihod-Pos_Prihod
06.03.2024 2:18:14 - Принят online Hdr_Rashod-Pos_Rashod
06.03.2024 2:18:14 - Пропущен online Pereocen
06.03.2024 2:18:14 - Принят online Hdr_Smens-Pos_Sales
06.03.2024 2:18:14 - Принят online Uchet
06.03.2024 2:18:14 - Принят online Spr_Tovar_Attr
06.03.2024 2:18:40 - Принят online Tovar_Attr
06.03.2024 2:18:41 - Принят online Остатки
